{"C:\\Users\\aluno.lauro\\Desktop\\revelandoTudo-main\\backend\\controllers\\demandasController.js": {"path":"C:\\Users\\aluno.lauro\\Desktop\\revelandoTudo-main\\backend\\controllers\\demandasController.js","statementMap":{"0":{"start":{"line":1,"column":40},"end":{"line":1,"column":60}},"1":{"start":{"line":4,"column":0},"end":{"line":35,"column":1}},"2":{"start":{"line":5,"column":2},"end":{"line":34,"column":3}},"3":{"start":{"line":6,"column":19},"end":{"line":6,"column":39}},"4":{"start":{"line":7,"column":16},"end":{"line":7,"column":18}},"5":{"start":{"line":9,"column":4},"end":{"line":13,"column":5}},"6":{"start":{"line":10,"column":6},"end":{"line":10,"column":36}},"7":{"start":{"line":12,"column":6},"end":{"line":12,"column":44}},"8":{"start":{"line":15,"column":4},"end":{"line":22,"column":5}},"9":{"start":{"line":16,"column":6},"end":{"line":16,"column":41}},"10":{"start":{"line":18,"column":6},"end":{"line":21,"column":7}},"11":{"start":{"line":24,"column":21},"end":{"line":27,"column":6}},"12":{"start":{"line":29,"column":4},"end":{"line":29,"column":22}},"13":{"start":{"line":32,"column":4},"end":{"line":32,"column":48}},"14":{"start":{"line":33,"column":4},"end":{"line":33,"column":61}},"15":{"start":{"line":38,"column":0},"end":{"line":83,"column":1}},"16":{"start":{"line":39,"column":2},"end":{"line":82,"column":3}},"17":{"start":{"line":40,"column":48},"end":{"line":40,"column":56}},"18":{"start":{"line":42,"column":4},"end":{"line":44,"column":5}},"19":{"start":{"line":43,"column":6},"end":{"line":43,"column":83}},"20":{"start":{"line":46,"column":24},"end":{"line":46,"column":91}},"21":{"start":{"line":48,"column":4},"end":{"line":50,"column":5}},"22":{"start":{"line":49,"column":6},"end":{"line":49,"column":94}},"23":{"start":{"line":52,"column":20},"end":{"line":59,"column":6}},"24":{"start":{"line":62,"column":4},"end":{"line":66,"column":6}},"25":{"start":{"line":68,"column":4},"end":{"line":68,"column":33}},"26":{"start":{"line":71,"column":4},"end":{"line":71,"column":47}},"27":{"start":{"line":72,"column":4},"end":{"line":72,"column":45}},"28":{"start":{"line":73,"column":4},"end":{"line":73,"column":40}},"29":{"start":{"line":74,"column":4},"end":{"line":76,"column":5}},"30":{"start":{"line":75,"column":6},"end":{"line":75,"column":75}},"31":{"start":{"line":75,"column":64},"end":{"line":75,"column":73}},"32":{"start":{"line":77,"column":4},"end":{"line":81,"column":6}},"33":{"start":{"line":80,"column":55},"end":{"line":80,"column":64}},"34":{"start":{"line":86,"column":0},"end":{"line":117,"column":1}},"35":{"start":{"line":87,"column":2},"end":{"line":116,"column":3}},"36":{"start":{"line":88,"column":19},"end":{"line":88,"column":29}},"37":{"start":{"line":89,"column":33},"end":{"line":89,"column":41}},"38":{"start":{"line":91,"column":20},"end":{"line":96,"column":6}},"39":{"start":{"line":98,"column":4},"end":{"line":100,"column":5}},"40":{"start":{"line":99,"column":6},"end":{"line":99,"column":69}},"41":{"start":{"line":102,"column":4},"end":{"line":102,"column":27}},"42":{"start":{"line":103,"column":4},"end":{"line":103,"column":24}},"43":{"start":{"line":105,"column":4},"end":{"line":109,"column":6}},"44":{"start":{"line":111,"column":4},"end":{"line":111,"column":21}},"45":{"start":{"line":114,"column":4},"end":{"line":114,"column":49}},"46":{"start":{"line":115,"column":4},"end":{"line":115,"column":62}},"47":{"start":{"line":120,"column":0},"end":{"line":159,"column":1}},"48":{"start":{"line":121,"column":2},"end":{"line":158,"column":3}},"49":{"start":{"line":122,"column":19},"end":{"line":122,"column":29}},"50":{"start":{"line":124,"column":20},"end":{"line":129,"column":6}},"51":{"start":{"line":131,"column":4},"end":{"line":133,"column":5}},"52":{"start":{"line":132,"column":6},"end":{"line":132,"column":69}},"53":{"start":{"line":135,"column":66},"end":{"line":135,"column":74}},"54":{"start":{"line":137,"column":4},"end":{"line":137,"column":27}},"55":{"start":{"line":138,"column":4},"end":{"line":138,"column":33}},"56":{"start":{"line":139,"column":4},"end":{"line":139,"column":27}},"57":{"start":{"line":140,"column":4},"end":{"line":140,"column":93}},"58":{"start":{"line":142,"column":4},"end":{"line":142,"column":24}},"59":{"start":{"line":145,"column":4},"end":{"line":151,"column":5}},"60":{"start":{"line":146,"column":6},"end":{"line":150,"column":8}},"61":{"start":{"line":153,"column":4},"end":{"line":153,"column":21}},"62":{"start":{"line":156,"column":4},"end":{"line":156,"column":50}},"63":{"start":{"line":157,"column":4},"end":{"line":157,"column":60}},"64":{"start":{"line":162,"column":0},"end":{"line":177,"column":1}},"65":{"start":{"line":163,"column":2},"end":{"line":176,"column":3}},"66":{"start":{"line":164,"column":19},"end":{"line":164,"column":29}},"67":{"start":{"line":166,"column":25},"end":{"line":169,"column":6}},"68":{"start":{"line":171,"column":4},"end":{"line":171,"column":26}},"69":{"start":{"line":174,"column":4},"end":{"line":174,"column":59}},"70":{"start":{"line":175,"column":4},"end":{"line":175,"column":62}},"71":{"start":{"line":180,"column":0},"end":{"line":207,"column":1}},"72":{"start":{"line":181,"column":2},"end":{"line":206,"column":3}},"73":{"start":{"line":182,"column":19},"end":{"line":182,"column":29}},"74":{"start":{"line":184,"column":20},"end":{"line":186,"column":6}},"75":{"start":{"line":188,"column":4},"end":{"line":190,"column":5}},"76":{"start":{"line":189,"column":6},"end":{"line":189,"column":69}},"77":{"start":{"line":192,"column":4},"end":{"line":192,"column":35}},"78":{"start":{"line":193,"column":4},"end":{"line":193,"column":24}},"79":{"start":{"line":195,"column":4},"end":{"line":199,"column":6}},"80":{"start":{"line":201,"column":4},"end":{"line":201,"column":21}},"81":{"start":{"line":204,"column":4},"end":{"line":204,"column":51}},"82":{"start":{"line":205,"column":4},"end":{"line":205,"column":61}},"83":{"start":{"line":210,"column":0},"end":{"line":237,"column":1}},"84":{"start":{"line":211,"column":2},"end":{"line":236,"column":3}},"85":{"start":{"line":212,"column":19},"end":{"line":212,"column":29}},"86":{"start":{"line":214,"column":20},"end":{"line":216,"column":6}},"87":{"start":{"line":218,"column":4},"end":{"line":220,"column":5}},"88":{"start":{"line":219,"column":6},"end":{"line":219,"column":69}},"89":{"start":{"line":222,"column":4},"end":{"line":222,"column":31}},"90":{"start":{"line":223,"column":4},"end":{"line":223,"column":24}},"91":{"start":{"line":225,"column":4},"end":{"line":229,"column":6}},"92":{"start":{"line":231,"column":4},"end":{"line":231,"column":67}},"93":{"start":{"line":234,"column":4},"end":{"line":234,"column":51}},"94":{"start":{"line":235,"column":4},"end":{"line":235,"column":61}}},"fnMap":{"0":{"name":"(anonymous_0)","decl":{"start":{"line":4,"column":22},"end":{"line":4,"column":23}},"loc":{"start":{"line":4,"column":42},"end":{"line":35,"column":1}},"line":4},"1":{"name":"(anonymous_1)","decl":{"start":{"line":38,"column":24},"end":{"line":38,"column":25}},"loc":{"start":{"line":38,"column":44},"end":{"line":83,"column":1}},"line":38},"2":{"name":"(anonymous_2)","decl":{"start":{"line":75,"column":59},"end":{"line":75,"column":60}},"loc":{"start":{"line":75,"column":64},"end":{"line":75,"column":73}},"line":75},"3":{"name":"(anonymous_3)","decl":{"start":{"line":80,"column":50},"end":{"line":80,"column":51}},"loc":{"start":{"line":80,"column":55},"end":{"line":80,"column":64}},"line":80},"4":{"name":"(anonymous_4)","decl":{"start":{"line":86,"column":23},"end":{"line":86,"column":24}},"loc":{"start":{"line":86,"column":43},"end":{"line":117,"column":1}},"line":86},"5":{"name":"(anonymous_5)","decl":{"start":{"line":120,"column":24},"end":{"line":120,"column":25}},"loc":{"start":{"line":120,"column":44},"end":{"line":159,"column":1}},"line":120},"6":{"name":"(anonymous_6)","decl":{"start":{"line":162,"column":33},"end":{"line":162,"column":34}},"loc":{"start":{"line":162,"column":53},"end":{"line":177,"column":1}},"line":162},"7":{"name":"(anonymous_7)","decl":{"start":{"line":180,"column":25},"end":{"line":180,"column":26}},"loc":{"start":{"line":180,"column":45},"end":{"line":207,"column":1}},"line":180},"8":{"name":"(anonymous_8)","decl":{"start":{"line":210,"column":25},"end":{"line":210,"column":26}},"loc":{"start":{"line":210,"column":45},"end":{"line":237,"column":1}},"line":210}},"branchMap":{"0":{"loc":{"start":{"line":9,"column":4},"end":{"line":13,"column":5}},"type":"if","locations":[{"start":{"line":9,"column":4},"end":{"line":13,"column":5}},{"start":{},"end":{}}],"line":9},"1":{"loc":{"start":{"line":15,"column":4},"end":{"line":22,"column":5}},"type":"if","locations":[{"start":{"line":15,"column":4},"end":{"line":22,"column":5}},{"start":{},"end":{}}],"line":15},"2":{"loc":{"start":{"line":42,"column":4},"end":{"line":44,"column":5}},"type":"if","locations":[{"start":{"line":42,"column":4},"end":{"line":44,"column":5}},{"start":{},"end":{}}],"line":42},"3":{"loc":{"start":{"line":42,"column":8},"end":{"line":42,"column":29}},"type":"binary-expr","locations":[{"start":{"line":42,"column":8},"end":{"line":42,"column":15}},{"start":{"line":42,"column":19},"end":{"line":42,"column":29}}],"line":42},"4":{"loc":{"start":{"line":46,"column":24},"end":{"line":46,"column":91}},"type":"cond-expr","locations":[{"start":{"line":46,"column":55},"end":{"line":46,"column":69}},{"start":{"line":46,"column":72},"end":{"line":46,"column":91}}],"line":46},"5":{"loc":{"start":{"line":48,"column":4},"end":{"line":50,"column":5}},"type":"if","locations":[{"start":{"line":48,"column":4},"end":{"line":50,"column":5}},{"start":{},"end":{}}],"line":48},"6":{"loc":{"start":{"line":58,"column":20},"end":{"line":58,"column":86}},"type":"cond-expr","locations":[{"start":{"line":58,"column":67},"end":{"line":58,"column":79}},{"start":{"line":58,"column":82},"end":{"line":58,"column":86}}],"line":58},"7":{"loc":{"start":{"line":58,"column":21},"end":{"line":58,"column":63}},"type":"binary-expr","locations":[{"start":{"line":58,"column":21},"end":{"line":58,"column":33}},{"start":{"line":58,"column":37},"end":{"line":58,"column":63}}],"line":58},"8":{"loc":{"start":{"line":74,"column":4},"end":{"line":76,"column":5}},"type":"if","locations":[{"start":{"line":74,"column":4},"end":{"line":76,"column":5}},{"start":{},"end":{}}],"line":74},"9":{"loc":{"start":{"line":80,"column":18},"end":{"line":80,"column":70}},"type":"cond-expr","locations":[{"start":{"line":80,"column":33},"end":{"line":80,"column":65}},{"start":{"line":80,"column":68},"end":{"line":80,"column":70}}],"line":80},"10":{"loc":{"start":{"line":94,"column":17},"end":{"line":94,"column":84}},"type":"cond-expr","locations":[{"start":{"line":94,"column":48},"end":{"line":94,"column":62}},{"start":{"line":94,"column":65},"end":{"line":94,"column":84}}],"line":94},"11":{"loc":{"start":{"line":98,"column":4},"end":{"line":100,"column":5}},"type":"if","locations":[{"start":{"line":98,"column":4},"end":{"line":100,"column":5}},{"start":{},"end":{}}],"line":98},"12":{"loc":{"start":{"line":106,"column":16},"end":{"line":106,"column":60}},"type":"binary-expr","locations":[{"start":{"line":106,"column":16},"end":{"line":106,"column":24}},{"start":{"line":106,"column":28},"end":{"line":106,"column":60}}],"line":106},"13":{"loc":{"start":{"line":127,"column":17},"end":{"line":127,"column":84}},"type":"cond-expr","locations":[{"start":{"line":127,"column":48},"end":{"line":127,"column":62}},{"start":{"line":127,"column":65},"end":{"line":127,"column":84}}],"line":127},"14":{"loc":{"start":{"line":131,"column":4},"end":{"line":133,"column":5}},"type":"if","locations":[{"start":{"line":131,"column":4},"end":{"line":133,"column":5}},{"start":{},"end":{}}],"line":131},"15":{"loc":{"start":{"line":140,"column":27},"end":{"line":140,"column":93}},"type":"cond-expr","locations":[{"start":{"line":140,"column":74},"end":{"line":140,"column":86}},{"start":{"line":140,"column":89},"end":{"line":140,"column":93}}],"line":140},"16":{"loc":{"start":{"line":140,"column":28},"end":{"line":140,"column":70}},"type":"binary-expr","locations":[{"start":{"line":140,"column":28},"end":{"line":140,"column":40}},{"start":{"line":140,"column":44},"end":{"line":140,"column":70}}],"line":140},"17":{"loc":{"start":{"line":145,"column":4},"end":{"line":151,"column":5}},"type":"if","locations":[{"start":{"line":145,"column":4},"end":{"line":151,"column":5}},{"start":{},"end":{}}],"line":145},"18":{"loc":{"start":{"line":188,"column":4},"end":{"line":190,"column":5}},"type":"if","locations":[{"start":{"line":188,"column":4},"end":{"line":190,"column":5}},{"start":{},"end":{}}],"line":188},"19":{"loc":{"start":{"line":218,"column":4},"end":{"line":220,"column":5}},"type":"if","locations":[{"start":{"line":218,"column":4},"end":{"line":220,"column":5}},{"start":{},"end":{}}],"line":218}},"s":{"0":1,"1":1,"2":0,"3":0,"4":0,"5":0,"6":0,"7":0,"8":0,"9":0,"10":0,"11":0,"12":0,"13":0,"14":0,"15":1,"16":2,"17":2,"18":2,"19":1,"20":1,"21":1,"22":0,"23":1,"24":1,"25":1,"26":0,"27":0,"28":0,"29":0,"30":0,"31":0,"32":0,"33":0,"34":1,"35":1,"36":1,"37":1,"38":1,"39":1,"40":0,"41":1,"42":1,"43":1,"44":1,"45":0,"46":0,"47":1,"48":0,"49":0,"50":0,"51":0,"52":0,"53":0,"54":0,"55":0,"56":0,"57":0,"58":0,"59":0,"60":0,"61":0,"62":0,"63":0,"64":1,"65":0,"66":0,"67":0,"68":0,"69":0,"70":0,"71":1,"72":0,"73":0,"74":0,"75":0,"76":0,"77":0,"78":0,"79":0,"80":0,"81":0,"82":0,"83":1,"84":0,"85":0,"86":0,"87":0,"88":0,"89":0,"90":0,"91":0,"92":0,"93":0,"94":0},"f":{"0":0,"1":2,"2":0,"3":0,"4":1,"5":0,"6":0,"7":0,"8":0},"b":{"0":[0,0],"1":[0,0],"2":[1,1],"3":[2,1],"4":[1,0],"5":[0,1],"6":[0,1],"7":[1,0],"8":[0,0],"9":[0,0],"10":[1,0],"11":[0,1],"12":[1,1],"13":[0,0],"14":[0,0],"15":[0,0],"16":[0,0],"17":[0,0],"18":[0,0],"19":[0,0]},"_coverageSchema":"1a1c01bbd47fc00a2c39e90264f33305004495a9","hash":"2b2b48685df97906385f88b8e6692b38919b4971"}
}
