TN:
SF:controllers\demandasController.js
FN:4,(anonymous_0)
FN:38,(anonymous_1)
FN:75,(anonymous_2)
FN:80,(anonymous_3)
FN:86,(anonymous_4)
FN:120,(anonymous_5)
FN:162,(anonymous_6)
FN:180,(anonymous_7)
FN:210,(anonymous_8)
FNF:9
FNH:2
FNDA:0,(anonymous_0)
FNDA:2,(anonymous_1)
FNDA:0,(anonymous_2)
FNDA:0,(anonymous_3)
FNDA:1,(anonymous_4)
FNDA:0,(anonymous_5)
FNDA:0,(anonymous_6)
FNDA:0,(anonymous_7)
FNDA:0,(anonymous_8)
DA:1,1
DA:4,1
DA:5,0
DA:6,0
DA:7,0
DA:9,0
DA:10,0
DA:12,0
DA:15,0
DA:16,0
DA:18,0
DA:24,0
DA:29,0
DA:32,0
DA:33,0
DA:38,1
DA:39,2
DA:40,2
DA:42,2
DA:43,1
DA:46,1
DA:48,1
DA:49,0
DA:52,1
DA:62,1
DA:68,1
DA:71,0
DA:72,0
DA:73,0
DA:74,0
DA:75,0
DA:77,0
DA:80,0
DA:86,1
DA:87,1
DA:88,1
DA:89,1
DA:91,1
DA:98,1
DA:99,0
DA:102,1
DA:103,1
DA:105,1
DA:111,1
DA:114,0
DA:115,0
DA:120,1
DA:121,0
DA:122,0
DA:124,0
DA:131,0
DA:132,0
DA:135,0
DA:137,0
DA:138,0
DA:139,0
DA:140,0
DA:142,0
DA:145,0
DA:146,0
DA:153,0
DA:156,0
DA:157,0
DA:162,1
DA:163,0
DA:164,0
DA:166,0
DA:171,0
DA:174,0
DA:175,0
DA:180,1
DA:181,0
DA:182,0
DA:184,0
DA:188,0
DA:189,0
DA:192,0
DA:193,0
DA:195,0
DA:201,0
DA:204,0
DA:205,0
DA:210,1
DA:211,0
DA:212,0
DA:214,0
DA:218,0
DA:219,0
DA:222,0
DA:223,0
DA:225,0
DA:231,0
DA:234,0
DA:235,0
LF:94
LH:26
BRDA:9,0,0,0
BRDA:9,0,1,0
BRDA:15,1,0,0
BRDA:15,1,1,0
BRDA:42,2,0,1
BRDA:42,2,1,1
BRDA:42,3,0,2
BRDA:42,3,1,1
BRDA:46,4,0,1
BRDA:46,4,1,0
BRDA:48,5,0,0
BRDA:48,5,1,1
BRDA:58,6,0,0
BRDA:58,6,1,1
BRDA:58,7,0,1
BRDA:58,7,1,0
BRDA:74,8,0,0
BRDA:74,8,1,0
BRDA:80,9,0,0
BRDA:80,9,1,0
BRDA:94,10,0,1
BRDA:94,10,1,0
BRDA:98,11,0,0
BRDA:98,11,1,1
BRDA:106,12,0,1
BRDA:106,12,1,1
BRDA:127,13,0,0
BRDA:127,13,1,0
BRDA:131,14,0,0
BRDA:131,14,1,0
BRDA:140,15,0,0
BRDA:140,15,1,0
BRDA:140,16,0,0
BRDA:140,16,1,0
BRDA:145,17,0,0
BRDA:145,17,1,0
BRDA:188,18,0,0
BRDA:188,18,1,0
BRDA:218,19,0,0
BRDA:218,19,1,0
BRF:40
BRH:12
end_of_record
