{"C:\\Users\\cliente\\Downloads\\revelandoTudo-main\\revelandoTudo-main\\backend\\controllers\\authController.js": {"path":"C:\\Users\\cliente\\Downloads\\revelandoTudo-main\\revelandoTudo-main\\backend\\controllers\\authController.js","statementMap":{"0":{"start":{"line":1,"column":15},"end":{"line":1,"column":34}},"1":{"start":{"line":2,"column":12},"end":{"line":2,"column":35}},"2":{"start":{"line":3,"column":24},"end":{"line":3,"column":44}},"3":{"start":{"line":8,"column":0},"end":{"line":111,"column":1}},"4":{"start":{"line":9,"column":2},"end":{"line":110,"column":3}},"5":{"start":{"line":18,"column":8},"end":{"line":18,"column":16}},"6":{"start":{"line":20,"column":29},"end":{"line":22,"column":6}},"7":{"start":{"line":24,"column":4},"end":{"line":28,"column":5}},"8":{"start":{"line":25,"column":6},"end":{"line":27,"column":8}},"9":{"start":{"line":30,"column":22},"end":{"line":30,"column":50}},"10":{"start":{"line":32,"column":18},"end":{"line":32,"column":22}},"11":{"start":{"line":33,"column":23},"end":{"line":33,"column":33}},"12":{"start":{"line":38,"column":4},"end":{"line":40,"column":5}},"13":{"start":{"line":39,"column":6},"end":{"line":39,"column":31}},"14":{"start":{"line":45,"column":4},"end":{"line":68,"column":5}},"15":{"start":{"line":47,"column":6},"end":{"line":51,"column":7}},"16":{"start":{"line":48,"column":8},"end":{"line":50,"column":10}},"17":{"start":{"line":53,"column":20},"end":{"line":57,"column":8}},"18":{"start":{"line":59,"column":6},"end":{"line":63,"column":7}},"19":{"start":{"line":60,"column":8},"end":{"line":62,"column":10}},"20":{"start":{"line":65,"column":6},"end":{"line":65,"column":29}},"21":{"start":{"line":66,"column":20},"end":{"line":66,"column":28}},"22":{"start":{"line":67,"column":6},"end":{"line":67,"column":31}},"23":{"start":{"line":70,"column":17},"end":{"line":82,"column":6}},"24":{"start":{"line":84,"column":4},"end":{"line":94,"column":5}},"25":{"start":{"line":85,"column":20},"end":{"line":85,"column":58}},"26":{"start":{"line":86,"column":23},"end":{"line":86,"column":25}},"27":{"start":{"line":87,"column":6},"end":{"line":87,"column":102}},"28":{"start":{"line":87,"column":19},"end":{"line":87,"column":20}},"29":{"start":{"line":87,"column":34},"end":{"line":87,"column":102}},"30":{"start":{"line":89,"column":6},"end":{"line":93,"column":8}},"31":{"start":{"line":96,"column":4},"end":{"line":102,"column":6}},"32":{"start":{"line":105,"column":4},"end":{"line":105,"column":24}},"33":{"start":{"line":107,"column":4},"end":{"line":109,"column":6}},"34":{"start":{"line":116,"column":0},"end":{"line":192,"column":1}},"35":{"start":{"line":117,"column":2},"end":{"line":191,"column":3}},"36":{"start":{"line":118,"column":29},"end":{"line":118,"column":37}},"37":{"start":{"line":120,"column":17},"end":{"line":125,"column":6}},"38":{"start":{"line":127,"column":4},"end":{"line":131,"column":5}},"39":{"start":{"line":128,"column":6},"end":{"line":130,"column":8}},"40":{"start":{"line":133,"column":24},"end":{"line":136,"column":5}},"41":{"start":{"line":138,"column":4},"end":{"line":142,"column":5}},"42":{"start":{"line":139,"column":6},"end":{"line":141,"column":8}},"43":{"start":{"line":145,"column":4},"end":{"line":153,"column":5}},"44":{"start":{"line":149,"column":6},"end":{"line":152,"column":8}},"45":{"start":{"line":156,"column":4},"end":{"line":164,"column":5}},"46":{"start":{"line":160,"column":6},"end":{"line":163,"column":8}},"47":{"start":{"line":166,"column":18},"end":{"line":176,"column":5}},"48":{"start":{"line":178,"column":4},"end":{"line":181,"column":6}},"49":{"start":{"line":184,"column":4},"end":{"line":184,"column":38}},"50":{"start":{"line":185,"column":4},"end":{"line":185,"column":45}},"51":{"start":{"line":186,"column":4},"end":{"line":186,"column":40}},"52":{"start":{"line":187,"column":4},"end":{"line":190,"column":6}},"53":{"start":{"line":197,"column":0},"end":{"line":226,"column":1}},"54":{"start":{"line":198,"column":2},"end":{"line":225,"column":3}},"55":{"start":{"line":199,"column":21},"end":{"line":215,"column":6}},"56":{"start":{"line":217,"column":4},"end":{"line":217,"column":22}},"57":{"start":{"line":220,"column":4},"end":{"line":220,"column":24}},"58":{"start":{"line":222,"column":4},"end":{"line":224,"column":6}},"59":{"start":{"line":231,"column":0},"end":{"line":263,"column":1}},"60":{"start":{"line":232,"column":2},"end":{"line":262,"column":3}},"61":{"start":{"line":233,"column":19},"end":{"line":233,"column":29}},"62":{"start":{"line":235,"column":20},"end":{"line":241,"column":6}},"63":{"start":{"line":243,"column":4},"end":{"line":247,"column":5}},"64":{"start":{"line":244,"column":6},"end":{"line":246,"column":8}},"65":{"start":{"line":249,"column":4},"end":{"line":249,"column":37}},"66":{"start":{"line":250,"column":4},"end":{"line":250,"column":24}},"67":{"start":{"line":252,"column":4},"end":{"line":254,"column":6}},"68":{"start":{"line":257,"column":4},"end":{"line":257,"column":24}},"69":{"start":{"line":259,"column":4},"end":{"line":261,"column":6}},"70":{"start":{"line":268,"column":0},"end":{"line":300,"column":1}},"71":{"start":{"line":269,"column":2},"end":{"line":299,"column":3}},"72":{"start":{"line":270,"column":19},"end":{"line":270,"column":29}},"73":{"start":{"line":272,"column":20},"end":{"line":278,"column":6}},"74":{"start":{"line":280,"column":4},"end":{"line":284,"column":5}},"75":{"start":{"line":281,"column":6},"end":{"line":283,"column":8}},"76":{"start":{"line":286,"column":4},"end":{"line":286,"column":38}},"77":{"start":{"line":287,"column":4},"end":{"line":287,"column":24}},"78":{"start":{"line":289,"column":4},"end":{"line":291,"column":6}},"79":{"start":{"line":294,"column":4},"end":{"line":294,"column":24}},"80":{"start":{"line":296,"column":4},"end":{"line":298,"column":6}}},"fnMap":{"0":{"name":"(anonymous_0)","decl":{"start":{"line":8,"column":20},"end":{"line":8,"column":21}},"loc":{"start":{"line":8,"column":40},"end":{"line":111,"column":1}},"line":8},"1":{"name":"(anonymous_1)","decl":{"start":{"line":116,"column":16},"end":{"line":116,"column":17}},"loc":{"start":{"line":116,"column":36},"end":{"line":192,"column":1}},"line":116},"2":{"name":"(anonymous_2)","decl":{"start":{"line":197,"column":26},"end":{"line":197,"column":27}},"loc":{"start":{"line":197,"column":46},"end":{"line":226,"column":1}},"line":197},"3":{"name":"(anonymous_3)","decl":{"start":{"line":231,"column":25},"end":{"line":231,"column":26}},"loc":{"start":{"line":231,"column":45},"end":{"line":263,"column":1}},"line":231},"4":{"name":"(anonymous_4)","decl":{"start":{"line":268,"column":26},"end":{"line":268,"column":27}},"loc":{"start":{"line":268,"column":46},"end":{"line":300,"column":1}},"line":268}},"branchMap":{"0":{"loc":{"start":{"line":24,"column":4},"end":{"line":28,"column":5}},"type":"if","locations":[{"start":{"line":24,"column":4},"end":{"line":28,"column":5}},{"start":{},"end":{}}],"line":24},"1":{"loc":{"start":{"line":38,"column":4},"end":{"line":40,"column":5}},"type":"if","locations":[{"start":{"line":38,"column":4},"end":{"line":40,"column":5}},{"start":{},"end":{}}],"line":38},"2":{"loc":{"start":{"line":45,"column":4},"end":{"line":68,"column":5}},"type":"if","locations":[{"start":{"line":45,"column":4},"end":{"line":68,"column":5}},{"start":{},"end":{}}],"line":45},"3":{"loc":{"start":{"line":47,"column":6},"end":{"line":51,"column":7}},"type":"if","locations":[{"start":{"line":47,"column":6},"end":{"line":51,"column":7}},{"start":{},"end":{}}],"line":47},"4":{"loc":{"start":{"line":47,"column":10},"end":{"line":47,"column":67}},"type":"binary-expr","locations":[{"start":{"line":47,"column":10},"end":{"line":47,"column":30}},{"start":{"line":47,"column":34},"end":{"line":47,"column":67}}],"line":47},"5":{"loc":{"start":{"line":59,"column":6},"end":{"line":63,"column":7}},"type":"if","locations":[{"start":{"line":59,"column":6},"end":{"line":63,"column":7}},{"start":{},"end":{}}],"line":59},"6":{"loc":{"start":{"line":78,"column":27},"end":{"line":78,"column":72}},"type":"cond-expr","locations":[{"start":{"line":78,"column":46},"end":{"line":78,"column":50}},{"start":{"line":78,"column":53},"end":{"line":78,"column":72}}],"line":78},"7":{"loc":{"start":{"line":80,"column":15},"end":{"line":80,"column":30}},"type":"binary-expr","locations":[{"start":{"line":80,"column":15},"end":{"line":80,"column":22}},{"start":{"line":80,"column":26},"end":{"line":80,"column":30}}],"line":80},"8":{"loc":{"start":{"line":84,"column":4},"end":{"line":94,"column":5}},"type":"if","locations":[{"start":{"line":84,"column":4},"end":{"line":94,"column":5}},{"start":{},"end":{}}],"line":84},"9":{"loc":{"start":{"line":98,"column":8},"end":{"line":100,"column":39}},"type":"cond-expr","locations":[{"start":{"line":99,"column":12},"end":{"line":99,"column":51}},{"start":{"line":100,"column":12},"end":{"line":100,"column":39}}],"line":98},"10":{"loc":{"start":{"line":127,"column":4},"end":{"line":131,"column":5}},"type":"if","locations":[{"start":{"line":127,"column":4},"end":{"line":131,"column":5}},{"start":{},"end":{}}],"line":127},"11":{"loc":{"start":{"line":138,"column":4},"end":{"line":142,"column":5}},"type":"if","locations":[{"start":{"line":138,"column":4},"end":{"line":142,"column":5}},{"start":{},"end":{}}],"line":138},"12":{"loc":{"start":{"line":145,"column":4},"end":{"line":153,"column":5}},"type":"if","locations":[{"start":{"line":145,"column":4},"end":{"line":153,"column":5}},{"start":{},"end":{}}],"line":145},"13":{"loc":{"start":{"line":146,"column":6},"end":{"line":147,"column":38}},"type":"binary-expr","locations":[{"start":{"line":146,"column":6},"end":{"line":146,"column":29}},{"start":{"line":147,"column":6},"end":{"line":147,"column":38}}],"line":146},"14":{"loc":{"start":{"line":156,"column":4},"end":{"line":164,"column":5}},"type":"if","locations":[{"start":{"line":156,"column":4},"end":{"line":164,"column":5}},{"start":{},"end":{}}],"line":156},"15":{"loc":{"start":{"line":157,"column":6},"end":{"line":158,"column":39}},"type":"binary-expr","locations":[{"start":{"line":157,"column":6},"end":{"line":157,"column":29}},{"start":{"line":158,"column":6},"end":{"line":158,"column":39}}],"line":157},"16":{"loc":{"start":{"line":243,"column":4},"end":{"line":247,"column":5}},"type":"if","locations":[{"start":{"line":243,"column":4},"end":{"line":247,"column":5}},{"start":{},"end":{}}],"line":243},"17":{"loc":{"start":{"line":280,"column":4},"end":{"line":284,"column":5}},"type":"if","locations":[{"start":{"line":280,"column":4},"end":{"line":284,"column":5}},{"start":{},"end":{}}],"line":280}},"s":{"0":1,"1":1,"2":1,"3":1,"4":6,"5":6,"6":6,"7":5,"8":1,"9":4,"10":4,"11":4,"12":4,"13":1,"14":4,"15":3,"16":1,"17":2,"18":2,"19":1,"20":1,"21":1,"22":1,"23":2,"24":2,"25":1,"26":1,"27":1,"28":1,"29":5,"30":1,"31":2,"32":1,"33":1,"34":1,"35":6,"36":6,"37":6,"38":5,"39":1,"40":4,"41":4,"42":1,"43":3,"44":1,"45":2,"46":1,"47":1,"48":1,"49":1,"50":1,"51":1,"52":1,"53":1,"54":2,"55":2,"56":1,"57":1,"58":1,"59":1,"60":3,"61":3,"62":3,"63":2,"64":1,"65":1,"66":1,"67":1,"68":1,"69":1,"70":1,"71":3,"72":3,"73":3,"74":2,"75":1,"76":1,"77":1,"78":1,"79":1,"80":1},"f":{"0":6,"1":6,"2":2,"3":3,"4":3},"b":{"0":[1,4],"1":[1,3],"2":[3,1],"3":[1,2],"4":[3,2],"5":[1,1],"6":[1,1],"7":[2,1],"8":[1,1],"9":[1,1],"10":[1,4],"11":[1,3],"12":[1,2],"13":[3,2],"14":[1,1],"15":[2,1],"16":[1,1],"17":[1,1]},"_coverageSchema":"1a1c01bbd47fc00a2c39e90264f33305004495a9","hash":"41e37f57b2cd41f8236d81e28808caf9ed0fc474"}
,"C:\\Users\\cliente\\Downloads\\revelandoTudo-main\\revelandoTudo-main\\backend\\controllers\\demandasController.js": {"path":"C:\\Users\\cliente\\Downloads\\revelandoTudo-main\\revelandoTudo-main\\backend\\controllers\\demandasController.js","statementMap":{"0":{"start":{"line":1,"column":65},"end":{"line":1,"column":85}},"1":{"start":{"line":4,"column":0},"end":{"line":34,"column":1}},"2":{"start":{"line":5,"column":2},"end":{"line":33,"column":3}},"3":{"start":{"line":6,"column":19},"end":{"line":6,"column":39}},"4":{"start":{"line":7,"column":16},"end":{"line":7,"column":18}},"5":{"start":{"line":9,"column":4},"end":{"line":12,"column":5}},"6":{"start":{"line":10,"column":6},"end":{"line":10,"column":36}},"7":{"start":{"line":14,"column":4},"end":{"line":21,"column":5}},"8":{"start":{"line":15,"column":6},"end":{"line":15,"column":41}},"9":{"start":{"line":17,"column":6},"end":{"line":20,"column":7}},"10":{"start":{"line":23,"column":21},"end":{"line":26,"column":6}},"11":{"start":{"line":28,"column":4},"end":{"line":28,"column":22}},"12":{"start":{"line":31,"column":4},"end":{"line":31,"column":48}},"13":{"start":{"line":32,"column":4},"end":{"line":32,"column":61}},"14":{"start":{"line":37,"column":0},"end":{"line":83,"column":1}},"15":{"start":{"line":38,"column":2},"end":{"line":82,"column":3}},"16":{"start":{"line":39,"column":61},"end":{"line":39,"column":69}},"17":{"start":{"line":41,"column":4},"end":{"line":43,"column":5}},"18":{"start":{"line":42,"column":6},"end":{"line":42,"column":83}},"19":{"start":{"line":45,"column":24},"end":{"line":45,"column":91}},"20":{"start":{"line":47,"column":4},"end":{"line":49,"column":5}},"21":{"start":{"line":48,"column":6},"end":{"line":48,"column":94}},"22":{"start":{"line":51,"column":20},"end":{"line":59,"column":6}},"23":{"start":{"line":62,"column":4},"end":{"line":66,"column":6}},"24":{"start":{"line":68,"column":4},"end":{"line":68,"column":33}},"25":{"start":{"line":71,"column":4},"end":{"line":71,"column":47}},"26":{"start":{"line":72,"column":4},"end":{"line":72,"column":45}},"27":{"start":{"line":73,"column":4},"end":{"line":73,"column":40}},"28":{"start":{"line":74,"column":4},"end":{"line":76,"column":5}},"29":{"start":{"line":75,"column":6},"end":{"line":75,"column":75}},"30":{"start":{"line":75,"column":64},"end":{"line":75,"column":73}},"31":{"start":{"line":77,"column":4},"end":{"line":81,"column":6}},"32":{"start":{"line":80,"column":55},"end":{"line":80,"column":64}},"33":{"start":{"line":86,"column":0},"end":{"line":117,"column":1}},"34":{"start":{"line":87,"column":2},"end":{"line":116,"column":3}},"35":{"start":{"line":88,"column":19},"end":{"line":88,"column":29}},"36":{"start":{"line":89,"column":33},"end":{"line":89,"column":41}},"37":{"start":{"line":91,"column":20},"end":{"line":96,"column":6}},"38":{"start":{"line":98,"column":4},"end":{"line":100,"column":5}},"39":{"start":{"line":99,"column":6},"end":{"line":99,"column":69}},"40":{"start":{"line":102,"column":4},"end":{"line":102,"column":27}},"41":{"start":{"line":103,"column":4},"end":{"line":103,"column":24}},"42":{"start":{"line":105,"column":4},"end":{"line":109,"column":6}},"43":{"start":{"line":111,"column":4},"end":{"line":111,"column":21}},"44":{"start":{"line":114,"column":4},"end":{"line":114,"column":49}},"45":{"start":{"line":115,"column":4},"end":{"line":115,"column":62}},"46":{"start":{"line":120,"column":0},"end":{"line":159,"column":1}},"47":{"start":{"line":121,"column":2},"end":{"line":158,"column":3}},"48":{"start":{"line":122,"column":19},"end":{"line":122,"column":29}},"49":{"start":{"line":124,"column":20},"end":{"line":129,"column":6}},"50":{"start":{"line":131,"column":4},"end":{"line":133,"column":5}},"51":{"start":{"line":132,"column":6},"end":{"line":132,"column":69}},"52":{"start":{"line":135,"column":66},"end":{"line":135,"column":74}},"53":{"start":{"line":137,"column":4},"end":{"line":137,"column":27}},"54":{"start":{"line":138,"column":4},"end":{"line":138,"column":33}},"55":{"start":{"line":139,"column":4},"end":{"line":139,"column":27}},"56":{"start":{"line":140,"column":4},"end":{"line":140,"column":93}},"57":{"start":{"line":142,"column":4},"end":{"line":142,"column":24}},"58":{"start":{"line":145,"column":4},"end":{"line":151,"column":5}},"59":{"start":{"line":146,"column":6},"end":{"line":150,"column":8}},"60":{"start":{"line":153,"column":4},"end":{"line":153,"column":21}},"61":{"start":{"line":156,"column":4},"end":{"line":156,"column":50}},"62":{"start":{"line":157,"column":4},"end":{"line":157,"column":60}},"63":{"start":{"line":162,"column":0},"end":{"line":177,"column":1}},"64":{"start":{"line":163,"column":2},"end":{"line":176,"column":3}},"65":{"start":{"line":164,"column":19},"end":{"line":164,"column":29}},"66":{"start":{"line":166,"column":25},"end":{"line":169,"column":6}},"67":{"start":{"line":171,"column":4},"end":{"line":171,"column":26}},"68":{"start":{"line":174,"column":4},"end":{"line":174,"column":59}},"69":{"start":{"line":175,"column":4},"end":{"line":175,"column":62}},"70":{"start":{"line":180,"column":0},"end":{"line":207,"column":1}},"71":{"start":{"line":181,"column":2},"end":{"line":206,"column":3}},"72":{"start":{"line":182,"column":19},"end":{"line":182,"column":29}},"73":{"start":{"line":184,"column":20},"end":{"line":186,"column":6}},"74":{"start":{"line":188,"column":4},"end":{"line":190,"column":5}},"75":{"start":{"line":189,"column":6},"end":{"line":189,"column":69}},"76":{"start":{"line":192,"column":4},"end":{"line":192,"column":35}},"77":{"start":{"line":193,"column":4},"end":{"line":193,"column":24}},"78":{"start":{"line":195,"column":4},"end":{"line":199,"column":6}},"79":{"start":{"line":201,"column":4},"end":{"line":201,"column":21}},"80":{"start":{"line":204,"column":4},"end":{"line":204,"column":51}},"81":{"start":{"line":205,"column":4},"end":{"line":205,"column":61}},"82":{"start":{"line":210,"column":0},"end":{"line":237,"column":1}},"83":{"start":{"line":211,"column":2},"end":{"line":236,"column":3}},"84":{"start":{"line":212,"column":19},"end":{"line":212,"column":29}},"85":{"start":{"line":214,"column":20},"end":{"line":216,"column":6}},"86":{"start":{"line":218,"column":4},"end":{"line":220,"column":5}},"87":{"start":{"line":219,"column":6},"end":{"line":219,"column":69}},"88":{"start":{"line":222,"column":4},"end":{"line":222,"column":31}},"89":{"start":{"line":223,"column":4},"end":{"line":223,"column":24}},"90":{"start":{"line":225,"column":4},"end":{"line":229,"column":6}},"91":{"start":{"line":231,"column":4},"end":{"line":231,"column":67}},"92":{"start":{"line":234,"column":4},"end":{"line":234,"column":51}},"93":{"start":{"line":235,"column":4},"end":{"line":235,"column":61}},"94":{"start":{"line":240,"column":0},"end":{"line":270,"column":1}},"95":{"start":{"line":241,"column":2},"end":{"line":269,"column":3}},"96":{"start":{"line":242,"column":19},"end":{"line":242,"column":29}},"97":{"start":{"line":244,"column":20},"end":{"line":244,"column":46}},"98":{"start":{"line":245,"column":4},"end":{"line":247,"column":5}},"99":{"start":{"line":246,"column":6},"end":{"line":246,"column":69}},"100":{"start":{"line":250,"column":20},"end":{"line":250,"column":48}},"101":{"start":{"line":251,"column":22},"end":{"line":251,"column":55}},"102":{"start":{"line":252,"column":27},"end":{"line":252,"column":61}},"103":{"start":{"line":254,"column":4},"end":{"line":256,"column":5}},"104":{"start":{"line":255,"column":6},"end":{"line":255,"column":90}},"105":{"start":{"line":258,"column":24},"end":{"line":262,"column":6}},"106":{"start":{"line":264,"column":4},"end":{"line":264,"column":25}},"107":{"start":{"line":267,"column":4},"end":{"line":267,"column":59}},"108":{"start":{"line":268,"column":4},"end":{"line":268,"column":64}},"109":{"start":{"line":273,"column":0},"end":{"line":315,"column":1}},"110":{"start":{"line":274,"column":2},"end":{"line":314,"column":3}},"111":{"start":{"line":275,"column":19},"end":{"line":275,"column":29}},"112":{"start":{"line":276,"column":22},"end":{"line":276,"column":30}},"113":{"start":{"line":278,"column":4},"end":{"line":280,"column":5}},"114":{"start":{"line":279,"column":6},"end":{"line":279,"column":80}},"115":{"start":{"line":282,"column":20},"end":{"line":282,"column":46}},"116":{"start":{"line":283,"column":4},"end":{"line":285,"column":5}},"117":{"start":{"line":284,"column":6},"end":{"line":284,"column":69}},"118":{"start":{"line":287,"column":4},"end":{"line":289,"column":5}},"119":{"start":{"line":288,"column":6},"end":{"line":288,"column":94}},"120":{"start":{"line":291,"column":20},"end":{"line":291,"column":48}},"121":{"start":{"line":292,"column":22},"end":{"line":292,"column":55}},"122":{"start":{"line":293,"column":27},"end":{"line":293,"column":61}},"123":{"start":{"line":295,"column":4},"end":{"line":297,"column":5}},"124":{"start":{"line":296,"column":6},"end":{"line":296,"column":88}},"125":{"start":{"line":299,"column":23},"end":{"line":303,"column":6}},"126":{"start":{"line":305,"column":30},"end":{"line":307,"column":6}},"127":{"start":{"line":309,"column":4},"end":{"line":309,"column":43}},"128":{"start":{"line":312,"column":4},"end":{"line":312,"column":57}},"129":{"start":{"line":313,"column":4},"end":{"line":313,"column":66}}},"fnMap":{"0":{"name":"(anonymous_0)","decl":{"start":{"line":4,"column":22},"end":{"line":4,"column":23}},"loc":{"start":{"line":4,"column":42},"end":{"line":34,"column":1}},"line":4},"1":{"name":"(anonymous_1)","decl":{"start":{"line":37,"column":24},"end":{"line":37,"column":25}},"loc":{"start":{"line":37,"column":44},"end":{"line":83,"column":1}},"line":37},"2":{"name":"(anonymous_2)","decl":{"start":{"line":75,"column":59},"end":{"line":75,"column":60}},"loc":{"start":{"line":75,"column":64},"end":{"line":75,"column":73}},"line":75},"3":{"name":"(anonymous_3)","decl":{"start":{"line":80,"column":50},"end":{"line":80,"column":51}},"loc":{"start":{"line":80,"column":55},"end":{"line":80,"column":64}},"line":80},"4":{"name":"(anonymous_4)","decl":{"start":{"line":86,"column":23},"end":{"line":86,"column":24}},"loc":{"start":{"line":86,"column":43},"end":{"line":117,"column":1}},"line":86},"5":{"name":"(anonymous_5)","decl":{"start":{"line":120,"column":24},"end":{"line":120,"column":25}},"loc":{"start":{"line":120,"column":44},"end":{"line":159,"column":1}},"line":120},"6":{"name":"(anonymous_6)","decl":{"start":{"line":162,"column":33},"end":{"line":162,"column":34}},"loc":{"start":{"line":162,"column":53},"end":{"line":177,"column":1}},"line":162},"7":{"name":"(anonymous_7)","decl":{"start":{"line":180,"column":25},"end":{"line":180,"column":26}},"loc":{"start":{"line":180,"column":45},"end":{"line":207,"column":1}},"line":180},"8":{"name":"(anonymous_8)","decl":{"start":{"line":210,"column":25},"end":{"line":210,"column":26}},"loc":{"start":{"line":210,"column":45},"end":{"line":237,"column":1}},"line":210},"9":{"name":"(anonymous_9)","decl":{"start":{"line":240,"column":33},"end":{"line":240,"column":34}},"loc":{"start":{"line":240,"column":53},"end":{"line":270,"column":1}},"line":240},"10":{"name":"(anonymous_10)","decl":{"start":{"line":273,"column":31},"end":{"line":273,"column":32}},"loc":{"start":{"line":273,"column":51},"end":{"line":315,"column":1}},"line":273}},"branchMap":{"0":{"loc":{"start":{"line":9,"column":4},"end":{"line":12,"column":5}},"type":"if","locations":[{"start":{"line":9,"column":4},"end":{"line":12,"column":5}},{"start":{},"end":{}}],"line":9},"1":{"loc":{"start":{"line":14,"column":4},"end":{"line":21,"column":5}},"type":"if","locations":[{"start":{"line":14,"column":4},"end":{"line":21,"column":5}},{"start":{},"end":{}}],"line":14},"2":{"loc":{"start":{"line":41,"column":4},"end":{"line":43,"column":5}},"type":"if","locations":[{"start":{"line":41,"column":4},"end":{"line":43,"column":5}},{"start":{},"end":{}}],"line":41},"3":{"loc":{"start":{"line":41,"column":8},"end":{"line":41,"column":29}},"type":"binary-expr","locations":[{"start":{"line":41,"column":8},"end":{"line":41,"column":15}},{"start":{"line":41,"column":19},"end":{"line":41,"column":29}}],"line":41},"4":{"loc":{"start":{"line":45,"column":24},"end":{"line":45,"column":91}},"type":"cond-expr","locations":[{"start":{"line":45,"column":55},"end":{"line":45,"column":69}},{"start":{"line":45,"column":72},"end":{"line":45,"column":91}}],"line":45},"5":{"loc":{"start":{"line":47,"column":4},"end":{"line":49,"column":5}},"type":"if","locations":[{"start":{"line":47,"column":4},"end":{"line":49,"column":5}},{"start":{},"end":{}}],"line":47},"6":{"loc":{"start":{"line":57,"column":19},"end":{"line":57,"column":68}},"type":"cond-expr","locations":[{"start":{"line":57,"column":50},"end":{"line":57,"column":61}},{"start":{"line":57,"column":64},"end":{"line":57,"column":68}}],"line":57},"7":{"loc":{"start":{"line":58,"column":20},"end":{"line":58,"column":86}},"type":"cond-expr","locations":[{"start":{"line":58,"column":67},"end":{"line":58,"column":79}},{"start":{"line":58,"column":82},"end":{"line":58,"column":86}}],"line":58},"8":{"loc":{"start":{"line":58,"column":21},"end":{"line":58,"column":63}},"type":"binary-expr","locations":[{"start":{"line":58,"column":21},"end":{"line":58,"column":33}},{"start":{"line":58,"column":37},"end":{"line":58,"column":63}}],"line":58},"9":{"loc":{"start":{"line":74,"column":4},"end":{"line":76,"column":5}},"type":"if","locations":[{"start":{"line":74,"column":4},"end":{"line":76,"column":5}},{"start":{},"end":{}}],"line":74},"10":{"loc":{"start":{"line":80,"column":18},"end":{"line":80,"column":70}},"type":"cond-expr","locations":[{"start":{"line":80,"column":33},"end":{"line":80,"column":65}},{"start":{"line":80,"column":68},"end":{"line":80,"column":70}}],"line":80},"11":{"loc":{"start":{"line":94,"column":17},"end":{"line":94,"column":84}},"type":"cond-expr","locations":[{"start":{"line":94,"column":48},"end":{"line":94,"column":62}},{"start":{"line":94,"column":65},"end":{"line":94,"column":84}}],"line":94},"12":{"loc":{"start":{"line":98,"column":4},"end":{"line":100,"column":5}},"type":"if","locations":[{"start":{"line":98,"column":4},"end":{"line":100,"column":5}},{"start":{},"end":{}}],"line":98},"13":{"loc":{"start":{"line":106,"column":16},"end":{"line":106,"column":60}},"type":"binary-expr","locations":[{"start":{"line":106,"column":16},"end":{"line":106,"column":24}},{"start":{"line":106,"column":28},"end":{"line":106,"column":60}}],"line":106},"14":{"loc":{"start":{"line":127,"column":17},"end":{"line":127,"column":84}},"type":"cond-expr","locations":[{"start":{"line":127,"column":48},"end":{"line":127,"column":62}},{"start":{"line":127,"column":65},"end":{"line":127,"column":84}}],"line":127},"15":{"loc":{"start":{"line":131,"column":4},"end":{"line":133,"column":5}},"type":"if","locations":[{"start":{"line":131,"column":4},"end":{"line":133,"column":5}},{"start":{},"end":{}}],"line":131},"16":{"loc":{"start":{"line":140,"column":27},"end":{"line":140,"column":93}},"type":"cond-expr","locations":[{"start":{"line":140,"column":74},"end":{"line":140,"column":86}},{"start":{"line":140,"column":89},"end":{"line":140,"column":93}}],"line":140},"17":{"loc":{"start":{"line":140,"column":28},"end":{"line":140,"column":70}},"type":"binary-expr","locations":[{"start":{"line":140,"column":28},"end":{"line":140,"column":40}},{"start":{"line":140,"column":44},"end":{"line":140,"column":70}}],"line":140},"18":{"loc":{"start":{"line":145,"column":4},"end":{"line":151,"column":5}},"type":"if","locations":[{"start":{"line":145,"column":4},"end":{"line":151,"column":5}},{"start":{},"end":{}}],"line":145},"19":{"loc":{"start":{"line":188,"column":4},"end":{"line":190,"column":5}},"type":"if","locations":[{"start":{"line":188,"column":4},"end":{"line":190,"column":5}},{"start":{},"end":{}}],"line":188},"20":{"loc":{"start":{"line":218,"column":4},"end":{"line":220,"column":5}},"type":"if","locations":[{"start":{"line":218,"column":4},"end":{"line":220,"column":5}},{"start":{},"end":{}}],"line":218},"21":{"loc":{"start":{"line":245,"column":4},"end":{"line":247,"column":5}},"type":"if","locations":[{"start":{"line":245,"column":4},"end":{"line":247,"column":5}},{"start":{},"end":{}}],"line":245},"22":{"loc":{"start":{"line":254,"column":4},"end":{"line":256,"column":5}},"type":"if","locations":[{"start":{"line":254,"column":4},"end":{"line":256,"column":5}},{"start":{},"end":{}}],"line":254},"23":{"loc":{"start":{"line":254,"column":8},"end":{"line":254,"column":50}},"type":"binary-expr","locations":[{"start":{"line":254,"column":8},"end":{"line":254,"column":18}},{"start":{"line":254,"column":22},"end":{"line":254,"column":50}}],"line":254},"24":{"loc":{"start":{"line":254,"column":24},"end":{"line":254,"column":49}},"type":"binary-expr","locations":[{"start":{"line":254,"column":24},"end":{"line":254,"column":31}},{"start":{"line":254,"column":35},"end":{"line":254,"column":49}}],"line":254},"25":{"loc":{"start":{"line":278,"column":4},"end":{"line":280,"column":5}},"type":"if","locations":[{"start":{"line":278,"column":4},"end":{"line":280,"column":5}},{"start":{},"end":{}}],"line":278},"26":{"loc":{"start":{"line":278,"column":8},"end":{"line":278,"column":37}},"type":"binary-expr","locations":[{"start":{"line":278,"column":8},"end":{"line":278,"column":14}},{"start":{"line":278,"column":18},"end":{"line":278,"column":37}}],"line":278},"27":{"loc":{"start":{"line":283,"column":4},"end":{"line":285,"column":5}},"type":"if","locations":[{"start":{"line":283,"column":4},"end":{"line":285,"column":5}},{"start":{},"end":{}}],"line":283},"28":{"loc":{"start":{"line":287,"column":4},"end":{"line":289,"column":5}},"type":"if","locations":[{"start":{"line":287,"column":4},"end":{"line":289,"column":5}},{"start":{},"end":{}}],"line":287},"29":{"loc":{"start":{"line":295,"column":4},"end":{"line":297,"column":5}},"type":"if","locations":[{"start":{"line":295,"column":4},"end":{"line":297,"column":5}},{"start":{},"end":{}}],"line":295},"30":{"loc":{"start":{"line":295,"column":8},"end":{"line":295,"column":50}},"type":"binary-expr","locations":[{"start":{"line":295,"column":8},"end":{"line":295,"column":18}},{"start":{"line":295,"column":22},"end":{"line":295,"column":50}}],"line":295},"31":{"loc":{"start":{"line":295,"column":24},"end":{"line":295,"column":49}},"type":"binary-expr","locations":[{"start":{"line":295,"column":24},"end":{"line":295,"column":31}},{"start":{"line":295,"column":35},"end":{"line":295,"column":49}}],"line":295}},"s":{"0":1,"1":1,"2":3,"3":3,"4":3,"5":3,"6":2,"7":3,"8":1,"9":1,"10":3,"11":2,"12":1,"13":1,"14":1,"15":4,"16":4,"17":4,"18":1,"19":3,"20":3,"21":1,"22":2,"23":1,"24":1,"25":1,"26":1,"27":1,"28":1,"29":0,"30":0,"31":1,"32":0,"33":1,"34":3,"35":3,"36":3,"37":3,"38":2,"39":1,"40":1,"41":1,"42":1,"43":1,"44":1,"45":1,"46":1,"47":3,"48":3,"49":3,"50":2,"51":1,"52":1,"53":1,"54":1,"55":1,"56":1,"57":1,"58":1,"59":1,"60":1,"61":1,"62":1,"63":1,"64":2,"65":2,"66":2,"67":1,"68":1,"69":1,"70":1,"71":2,"72":2,"73":2,"74":2,"75":1,"76":1,"77":1,"78":1,"79":1,"80":0,"81":0,"82":1,"83":1,"84":1,"85":1,"86":1,"87":0,"88":1,"89":1,"90":1,"91":1,"92":0,"93":0,"94":1,"95":2,"96":2,"97":2,"98":2,"99":0,"100":2,"101":2,"102":2,"103":2,"104":1,"105":1,"106":1,"107":0,"108":0,"109":1,"110":3,"111":3,"112":3,"113":3,"114":1,"115":2,"116":2,"117":0,"118":2,"119":1,"120":1,"121":1,"122":1,"123":1,"124":0,"125":1,"126":1,"127":1,"128":0,"129":0},"f":{"0":3,"1":4,"2":0,"3":0,"4":3,"5":3,"6":2,"7":2,"8":1,"9":2,"10":3},"b":{"0":[2,1],"1":[1,2],"2":[1,3],"3":[4,3],"4":[2,1],"5":[1,2],"6":[2,0],"7":[0,2],"8":[2,0],"9":[0,1],"10":[0,1],"11":[3,0],"12":[1,1],"13":[1,1],"14":[3,0],"15":[1,1],"16":[0,1],"17":[1,0],"18":[1,0],"19":[1,1],"20":[0,1],"21":[0,2],"22":[1,1],"23":[2,1],"24":[1,0],"25":[1,2],"26":[3,2],"27":[0,2],"28":[1,1],"29":[0,1],"30":[1,0],"31":[0,0]},"_coverageSchema":"1a1c01bbd47fc00a2c39e90264f33305004495a9","hash":"a0d001a51290bc6ee709734900c17ef4f34f28e8"}
,"C:\\Users\\cliente\\Downloads\\revelandoTudo-main\\revelandoTudo-main\\backend\\controllers\\turmasController.js": {"path":"C:\\Users\\cliente\\Downloads\\revelandoTudo-main\\revelandoTudo-main\\backend\\controllers\\turmasController.js","statementMap":{"0":{"start":{"line":1,"column":18},"end":{"line":1,"column":38}},"1":{"start":{"line":4,"column":16},"end":{"line":4,"column":54}},"2":{"start":{"line":5,"column":15},"end":{"line":5,"column":17}},"3":{"start":{"line":6,"column":2},"end":{"line":8,"column":3}},"4":{"start":{"line":6,"column":15},"end":{"line":6,"column":16}},"5":{"start":{"line":7,"column":4},"end":{"line":7,"column":68}},"6":{"start":{"line":9,"column":2},"end":{"line":9,"column":15}},"7":{"start":{"line":12,"column":0},"end":{"line":28,"column":1}},"8":{"start":{"line":13,"column":2},"end":{"line":27,"column":3}},"9":{"start":{"line":14,"column":4},"end":{"line":16,"column":5}},"10":{"start":{"line":15,"column":6},"end":{"line":15,"column":61}},"11":{"start":{"line":18,"column":19},"end":{"line":21,"column":6}},"12":{"start":{"line":23,"column":4},"end":{"line":23,"column":20}},"13":{"start":{"line":25,"column":4},"end":{"line":25,"column":50}},"14":{"start":{"line":26,"column":4},"end":{"line":26,"column":59}},"15":{"start":{"line":30,"column":0},"end":{"line":61,"column":1}},"16":{"start":{"line":31,"column":2},"end":{"line":60,"column":3}},"17":{"start":{"line":32,"column":4},"end":{"line":34,"column":5}},"18":{"start":{"line":33,"column":6},"end":{"line":33,"column":61}},"19":{"start":{"line":36,"column":21},"end":{"line":36,"column":29}},"20":{"start":{"line":38,"column":4},"end":{"line":40,"column":5}},"21":{"start":{"line":39,"column":6},"end":{"line":39,"column":75}},"22":{"start":{"line":43,"column":23},"end":{"line":43,"column":27}},"23":{"start":{"line":44,"column":4},"end":{"line":48,"column":5}},"24":{"start":{"line":45,"column":6},"end":{"line":45,"column":35}},"25":{"start":{"line":46,"column":21},"end":{"line":46,"column":63}},"26":{"start":{"line":47,"column":6},"end":{"line":47,"column":39}},"27":{"start":{"line":47,"column":19},"end":{"line":47,"column":39}},"28":{"start":{"line":50,"column":18},"end":{"line":54,"column":6}},"29":{"start":{"line":56,"column":4},"end":{"line":56,"column":31}},"30":{"start":{"line":58,"column":4},"end":{"line":58,"column":48}},"31":{"start":{"line":59,"column":4},"end":{"line":59,"column":57}}},"fnMap":{"0":{"name":"generateRandomCode","decl":{"start":{"line":3,"column":9},"end":{"line":3,"column":27}},"loc":{"start":{"line":3,"column":30},"end":{"line":10,"column":1}},"line":3},"1":{"name":"(anonymous_1)","decl":{"start":{"line":12,"column":20},"end":{"line":12,"column":21}},"loc":{"start":{"line":12,"column":40},"end":{"line":28,"column":1}},"line":12},"2":{"name":"(anonymous_2)","decl":{"start":{"line":30,"column":22},"end":{"line":30,"column":23}},"loc":{"start":{"line":30,"column":42},"end":{"line":61,"column":1}},"line":30}},"branchMap":{"0":{"loc":{"start":{"line":14,"column":4},"end":{"line":16,"column":5}},"type":"if","locations":[{"start":{"line":14,"column":4},"end":{"line":16,"column":5}},{"start":{},"end":{}}],"line":14},"1":{"loc":{"start":{"line":32,"column":4},"end":{"line":34,"column":5}},"type":"if","locations":[{"start":{"line":32,"column":4},"end":{"line":34,"column":5}},{"start":{},"end":{}}],"line":32},"2":{"loc":{"start":{"line":38,"column":4},"end":{"line":40,"column":5}},"type":"if","locations":[{"start":{"line":38,"column":4},"end":{"line":40,"column":5}},{"start":{},"end":{}}],"line":38},"3":{"loc":{"start":{"line":38,"column":8},"end":{"line":38,"column":35}},"type":"binary-expr","locations":[{"start":{"line":38,"column":8},"end":{"line":38,"column":13}},{"start":{"line":38,"column":17},"end":{"line":38,"column":35}}],"line":38},"4":{"loc":{"start":{"line":47,"column":6},"end":{"line":47,"column":39}},"type":"if","locations":[{"start":{"line":47,"column":6},"end":{"line":47,"column":39}},{"start":{},"end":{}}],"line":47}},"s":{"0":1,"1":3,"2":3,"3":3,"4":3,"5":15,"6":3,"7":1,"8":3,"9":3,"10":1,"11":2,"12":1,"13":1,"14":1,"15":1,"16":4,"17":4,"18":1,"19":3,"20":3,"21":1,"22":2,"23":2,"24":3,"25":3,"26":2,"27":1,"28":1,"29":1,"30":1,"31":1},"f":{"0":3,"1":3,"2":4},"b":{"0":[1,2],"1":[1,3],"2":[1,2],"3":[3,2],"4":[1,1]},"_coverageSchema":"1a1c01bbd47fc00a2c39e90264f33305004495a9","hash":"75120353fac0707464a464bd62d35c73c7de596d"}
,"C:\\Users\\cliente\\Downloads\\revelandoTudo-main\\revelandoTudo-main\\backend\\middleware\\authMiddleware.js": {"path":"C:\\Users\\cliente\\Downloads\\revelandoTudo-main\\revelandoTudo-main\\backend\\middleware\\authMiddleware.js","statementMap":{"0":{"start":{"line":1,"column":12},"end":{"line":1,"column":35}},"1":{"start":{"line":2,"column":17},"end":{"line":2,"column":37}},"2":{"start":{"line":5,"column":0},"end":{"line":31,"column":1}},"3":{"start":{"line":6,"column":21},"end":{"line":6,"column":46}},"4":{"start":{"line":7,"column":16},"end":{"line":7,"column":54}},"5":{"start":{"line":9,"column":2},"end":{"line":11,"column":3}},"6":{"start":{"line":10,"column":4},"end":{"line":10,"column":64}},"7":{"start":{"line":13,"column":2},"end":{"line":30,"column":3}},"8":{"start":{"line":15,"column":20},"end":{"line":15,"column":61}},"9":{"start":{"line":19,"column":24},"end":{"line":19,"column":73}},"10":{"start":{"line":21,"column":4},"end":{"line":23,"column":5}},"11":{"start":{"line":22,"column":6},"end":{"line":22,"column":78}},"12":{"start":{"line":26,"column":4},"end":{"line":26,"column":29}},"13":{"start":{"line":27,"column":4},"end":{"line":27,"column":10}},"14":{"start":{"line":29,"column":4},"end":{"line":29,"column":71}},"15":{"start":{"line":34,"column":0},"end":{"line":39,"column":1}},"16":{"start":{"line":35,"column":2},"end":{"line":37,"column":3}},"17":{"start":{"line":36,"column":4},"end":{"line":36,"column":78}},"18":{"start":{"line":38,"column":2},"end":{"line":38,"column":8}}},"fnMap":{"0":{"name":"(anonymous_0)","decl":{"start":{"line":5,"column":21},"end":{"line":5,"column":22}},"loc":{"start":{"line":5,"column":47},"end":{"line":31,"column":1}},"line":5},"1":{"name":"(anonymous_1)","decl":{"start":{"line":34,"column":22},"end":{"line":34,"column":23}},"loc":{"start":{"line":34,"column":42},"end":{"line":39,"column":1}},"line":34}},"branchMap":{"0":{"loc":{"start":{"line":7,"column":16},"end":{"line":7,"column":54}},"type":"binary-expr","locations":[{"start":{"line":7,"column":16},"end":{"line":7,"column":26}},{"start":{"line":7,"column":30},"end":{"line":7,"column":54}}],"line":7},"1":{"loc":{"start":{"line":9,"column":2},"end":{"line":11,"column":3}},"type":"if","locations":[{"start":{"line":9,"column":2},"end":{"line":11,"column":3}},{"start":{},"end":{}}],"line":9},"2":{"loc":{"start":{"line":19,"column":44},"end":{"line":19,"column":72}},"type":"binary-expr","locations":[{"start":{"line":19,"column":44},"end":{"line":19,"column":54}},{"start":{"line":19,"column":58},"end":{"line":19,"column":72}}],"line":19},"3":{"loc":{"start":{"line":21,"column":4},"end":{"line":23,"column":5}},"type":"if","locations":[{"start":{"line":21,"column":4},"end":{"line":23,"column":5}},{"start":{},"end":{}}],"line":21},"4":{"loc":{"start":{"line":35,"column":2},"end":{"line":37,"column":3}},"type":"if","locations":[{"start":{"line":35,"column":2},"end":{"line":37,"column":3}},{"start":{},"end":{}}],"line":35},"5":{"loc":{"start":{"line":35,"column":6},"end":{"line":35,"column":50}},"type":"binary-expr","locations":[{"start":{"line":35,"column":6},"end":{"line":35,"column":18}},{"start":{"line":35,"column":22},"end":{"line":35,"column":50}}],"line":35}},"s":{"0":1,"1":1,"2":1,"3":4,"4":4,"5":4,"6":1,"7":3,"8":3,"9":2,"10":2,"11":1,"12":1,"13":1,"14":1,"15":1,"16":2,"17":1,"18":1},"f":{"0":4,"1":2},"b":{"0":[4,3],"1":[1,3],"2":[2,0],"3":[1,1],"4":[1,1],"5":[2,2]},"_coverageSchema":"1a1c01bbd47fc00a2c39e90264f33305004495a9","hash":"8bcb3aefd83d39b7a1503b954fbb6b9d8225476d"}
,"C:\\Users\\cliente\\Downloads\\revelandoTudo-main\\revelandoTudo-main\\backend\\models\\index.js": {"path":"C:\\Users\\cliente\\Downloads\\revelandoTudo-main\\revelandoTudo-main\\backend\\models\\index.js","statementMap":{"0":{"start":{"line":1,"column":18},"end":{"line":1,"column":47}},"1":{"start":{"line":3,"column":13},"end":{"line":3,"column":35}},"2":{"start":{"line":4,"column":16},"end":{"line":4,"column":41}},"3":{"start":{"line":5,"column":27},"end":{"line":5,"column":63}},"4":{"start":{"line":6,"column":14},"end":{"line":6,"column":37}},"5":{"start":{"line":7,"column":26},"end":{"line":7,"column":61}},"6":{"start":{"line":10,"column":0},"end":{"line":13,"column":2}},"7":{"start":{"line":15,"column":0},"end":{"line":18,"column":2}},"8":{"start":{"line":21,"column":0},"end":{"line":24,"column":2}},"9":{"start":{"line":26,"column":0},"end":{"line":29,"column":2}},"10":{"start":{"line":32,"column":0},"end":{"line":35,"column":2}},"11":{"start":{"line":37,"column":0},"end":{"line":40,"column":2}},"12":{"start":{"line":42,"column":0},"end":{"line":45,"column":2}},"13":{"start":{"line":47,"column":0},"end":{"line":50,"column":2}},"14":{"start":{"line":52,"column":0},"end":{"line":55,"column":2}},"15":{"start":{"line":57,"column":0},"end":{"line":60,"column":2}},"16":{"start":{"line":63,"column":0},"end":{"line":66,"column":2}},"17":{"start":{"line":68,"column":0},"end":{"line":71,"column":2}},"18":{"start":{"line":73,"column":0},"end":{"line":76,"column":2}},"19":{"start":{"line":78,"column":0},"end":{"line":81,"column":2}},"20":{"start":{"line":84,"column":0},"end":{"line":91,"column":1}}},"fnMap":{},"branchMap":{},"s":{"0":1,"1":1,"2":1,"3":1,"4":1,"5":1,"6":1,"7":1,"8":1,"9":1,"10":1,"11":1,"12":1,"13":1,"14":1,"15":1,"16":1,"17":1,"18":1,"19":1,"20":1},"f":{},"b":{},"_coverageSchema":"1a1c01bbd47fc00a2c39e90264f33305004495a9","hash":"3ebdb7d6f93907d8de074736c54523a15c84b59b"}
,"C:\\Users\\cliente\\Downloads\\revelandoTudo-main\\revelandoTudo-main\\backend\\routes\\authRoutes.js": {"path":"C:\\Users\\cliente\\Downloads\\revelandoTudo-main\\revelandoTudo-main\\backend\\routes\\authRoutes.js","statementMap":{"0":{"start":{"line":1,"column":16},"end":{"line":1,"column":34}},"1":{"start":{"line":2,"column":15},"end":{"line":2,"column":31}},"2":{"start":{"line":4,"column":19},"end":{"line":4,"column":59}},"3":{"start":{"line":9,"column":4},"end":{"line":9,"column":43}},"4":{"start":{"line":11,"column":0},"end":{"line":11,"column":47}},"5":{"start":{"line":12,"column":0},"end":{"line":12,"column":39}},"6":{"start":{"line":14,"column":0},"end":{"line":19,"column":1}},"7":{"start":{"line":21,"column":0},"end":{"line":26,"column":1}},"8":{"start":{"line":28,"column":0},"end":{"line":33,"column":1}},"9":{"start":{"line":35,"column":0},"end":{"line":35,"column":23}}},"fnMap":{},"branchMap":{},"s":{"0":1,"1":1,"2":1,"3":1,"4":1,"5":1,"6":1,"7":1,"8":1,"9":1},"f":{},"b":{},"_coverageSchema":"1a1c01bbd47fc00a2c39e90264f33305004495a9","hash":"f7e78346f7e8c2924bf4ce801dbaeeab262db159"}
,"C:\\Users\\cliente\\Downloads\\revelandoTudo-main\\revelandoTudo-main\\backend\\routes\\demandasRoutes.js": {"path":"C:\\Users\\cliente\\Downloads\\revelandoTudo-main\\revelandoTudo-main\\backend\\routes\\demandasRoutes.js","statementMap":{"0":{"start":{"line":1,"column":16},"end":{"line":1,"column":34}},"1":{"start":{"line":2,"column":15},"end":{"line":2,"column":31}},"2":{"start":{"line":4,"column":19},"end":{"line":4,"column":63}},"3":{"start":{"line":10,"column":4},"end":{"line":10,"column":43}},"4":{"start":{"line":17,"column":0},"end":{"line":17,"column":51}},"5":{"start":{"line":20,"column":0},"end":{"line":20,"column":54}},"6":{"start":{"line":23,"column":0},"end":{"line":23,"column":56}},"7":{"start":{"line":26,"column":0},"end":{"line":26,"column":62}},"8":{"start":{"line":29,"column":0},"end":{"line":29,"column":78}},"9":{"start":{"line":31,"column":0},"end":{"line":31,"column":78}},"10":{"start":{"line":33,"column":0},"end":{"line":33,"column":78}},"11":{"start":{"line":35,"column":0},"end":{"line":35,"column":77}},"12":{"start":{"line":36,"column":0},"end":{"line":36,"column":76}},"13":{"start":{"line":38,"column":0},"end":{"line":38,"column":23}}},"fnMap":{},"branchMap":{},"s":{"0":1,"1":1,"2":1,"3":1,"4":1,"5":1,"6":1,"7":1,"8":1,"9":1,"10":1,"11":1,"12":1,"13":1},"f":{},"b":{},"_coverageSchema":"1a1c01bbd47fc00a2c39e90264f33305004495a9","hash":"7d421d641b89023bcdd451bfa9a59c7f4c06814d"}
,"C:\\Users\\cliente\\Downloads\\revelandoTudo-main\\revelandoTudo-main\\backend\\routes\\turmasRoutes.js": {"path":"C:\\Users\\cliente\\Downloads\\revelandoTudo-main\\revelandoTudo-main\\backend\\routes\\turmasRoutes.js","statementMap":{"0":{"start":{"line":1,"column":16},"end":{"line":1,"column":34}},"1":{"start":{"line":2,"column":15},"end":{"line":2,"column":31}},"2":{"start":{"line":3,"column":25},"end":{"line":3,"column":67}},"3":{"start":{"line":4,"column":23},"end":{"line":4,"column":62}},"4":{"start":{"line":6,"column":0},"end":{"line":6,"column":22}},"5":{"start":{"line":8,"column":0},"end":{"line":8,"column":43}},"6":{"start":{"line":9,"column":0},"end":{"line":9,"column":46}},"7":{"start":{"line":11,"column":0},"end":{"line":11,"column":23}}},"fnMap":{},"branchMap":{},"s":{"0":1,"1":1,"2":1,"3":1,"4":1,"5":1,"6":1,"7":1},"f":{},"b":{},"_coverageSchema":"1a1c01bbd47fc00a2c39e90264f33305004495a9","hash":"0a5a07b3462d234ea9160c7d071516ec6aa58325"}
}
