TN:
SF:backend\controllers\authController.js
FN:8,(anonymous_0)
FN:116,(anonymous_1)
FN:197,(anonymous_2)
FN:231,(anonymous_3)
FN:268,(anonymous_4)
FNF:5
FNH:5
FNDA:6,(anonymous_0)
FNDA:6,(anonymous_1)
FNDA:2,(anonymous_2)
FNDA:3,(anonymous_3)
FNDA:3,(anonymous_4)
DA:1,1
DA:2,1
DA:3,1
DA:8,1
DA:9,6
DA:18,6
DA:20,6
DA:24,5
DA:25,1
DA:30,4
DA:32,4
DA:33,4
DA:38,4
DA:39,1
DA:45,4
DA:47,3
DA:48,1
DA:53,2
DA:59,2
DA:60,1
DA:65,1
DA:66,1
DA:67,1
DA:70,2
DA:84,2
DA:85,1
DA:86,1
DA:87,5
DA:89,1
DA:96,2
DA:105,1
DA:107,1
DA:116,1
DA:117,6
DA:118,6
DA:120,6
DA:127,5
DA:128,1
DA:133,4
DA:138,4
DA:139,1
DA:145,3
DA:149,1
DA:156,2
DA:160,1
DA:166,1
DA:178,1
DA:184,1
DA:185,1
DA:186,1
DA:187,1
DA:197,1
DA:198,2
DA:199,2
DA:217,1
DA:220,1
DA:222,1
DA:231,1
DA:232,3
DA:233,3
DA:235,3
DA:243,2
DA:244,1
DA:249,1
DA:250,1
DA:252,1
DA:257,1
DA:259,1
DA:268,1
DA:269,3
DA:270,3
DA:272,3
DA:280,2
DA:281,1
DA:286,1
DA:287,1
DA:289,1
DA:294,1
DA:296,1
LF:79
LH:79
BRDA:24,0,0,1
BRDA:24,0,1,4
BRDA:38,1,0,1
BRDA:38,1,1,3
BRDA:45,2,0,3
BRDA:45,2,1,1
BRDA:47,3,0,1
BRDA:47,3,1,2
BRDA:47,4,0,3
BRDA:47,4,1,2
BRDA:59,5,0,1
BRDA:59,5,1,1
BRDA:78,6,0,1
BRDA:78,6,1,1
BRDA:80,7,0,2
BRDA:80,7,1,1
BRDA:84,8,0,1
BRDA:84,8,1,1
BRDA:98,9,0,1
BRDA:98,9,1,1
BRDA:127,10,0,1
BRDA:127,10,1,4
BRDA:138,11,0,1
BRDA:138,11,1,3
BRDA:145,12,0,1
BRDA:145,12,1,2
BRDA:146,13,0,3
BRDA:146,13,1,2
BRDA:156,14,0,1
BRDA:156,14,1,1
BRDA:157,15,0,2
BRDA:157,15,1,1
BRDA:243,16,0,1
BRDA:243,16,1,1
BRDA:280,17,0,1
BRDA:280,17,1,1
BRF:36
BRH:36
end_of_record
TN:
SF:backend\controllers\demandasController.js
FN:4,(anonymous_0)
FN:37,(anonymous_1)
FN:75,(anonymous_2)
FN:80,(anonymous_3)
FN:86,(anonymous_4)
FN:120,(anonymous_5)
FN:162,(anonymous_6)
FN:180,(anonymous_7)
FN:210,(anonymous_8)
FN:240,(anonymous_9)
FN:273,(anonymous_10)
FNF:11
FNH:9
FNDA:3,(anonymous_0)
FNDA:4,(anonymous_1)
FNDA:0,(anonymous_2)
FNDA:0,(anonymous_3)
FNDA:3,(anonymous_4)
FNDA:3,(anonymous_5)
FNDA:2,(anonymous_6)
FNDA:2,(anonymous_7)
FNDA:1,(anonymous_8)
FNDA:2,(anonymous_9)
FNDA:3,(anonymous_10)
DA:1,1
DA:4,1
DA:5,3
DA:6,3
DA:7,3
DA:9,3
DA:10,2
DA:14,3
DA:15,1
DA:17,1
DA:23,3
DA:28,2
DA:31,1
DA:32,1
DA:37,1
DA:38,4
DA:39,4
DA:41,4
DA:42,1
DA:45,3
DA:47,3
DA:48,1
DA:51,2
DA:62,1
DA:68,1
DA:71,1
DA:72,1
DA:73,1
DA:74,1
DA:75,0
DA:77,1
DA:80,0
DA:86,1
DA:87,3
DA:88,3
DA:89,3
DA:91,3
DA:98,2
DA:99,1
DA:102,1
DA:103,1
DA:105,1
DA:111,1
DA:114,1
DA:115,1
DA:120,1
DA:121,3
DA:122,3
DA:124,3
DA:131,2
DA:132,1
DA:135,1
DA:137,1
DA:138,1
DA:139,1
DA:140,1
DA:142,1
DA:145,1
DA:146,1
DA:153,1
DA:156,1
DA:157,1
DA:162,1
DA:163,2
DA:164,2
DA:166,2
DA:171,1
DA:174,1
DA:175,1
DA:180,1
DA:181,2
DA:182,2
DA:184,2
DA:188,2
DA:189,1
DA:192,1
DA:193,1
DA:195,1
DA:201,1
DA:204,0
DA:205,0
DA:210,1
DA:211,1
DA:212,1
DA:214,1
DA:218,1
DA:219,0
DA:222,1
DA:223,1
DA:225,1
DA:231,1
DA:234,0
DA:235,0
DA:240,1
DA:241,2
DA:242,2
DA:244,2
DA:245,2
DA:246,0
DA:250,2
DA:251,2
DA:252,2
DA:254,2
DA:255,1
DA:258,1
DA:264,1
DA:267,0
DA:268,0
DA:273,1
DA:274,3
DA:275,3
DA:276,3
DA:278,3
DA:279,1
DA:282,2
DA:283,2
DA:284,0
DA:287,2
DA:288,1
DA:291,1
DA:292,1
DA:293,1
DA:295,1
DA:296,0
DA:299,1
DA:305,1
DA:309,1
DA:312,0
DA:313,0
LF:129
LH:115
BRDA:9,0,0,2
BRDA:9,0,1,1
BRDA:14,1,0,1
BRDA:14,1,1,2
BRDA:41,2,0,1
BRDA:41,2,1,3
BRDA:41,3,0,4
BRDA:41,3,1,3
BRDA:45,4,0,2
BRDA:45,4,1,1
BRDA:47,5,0,1
BRDA:47,5,1,2
BRDA:57,6,0,2
BRDA:57,6,1,0
BRDA:58,7,0,0
BRDA:58,7,1,2
BRDA:58,8,0,2
BRDA:58,8,1,0
BRDA:74,9,0,0
BRDA:74,9,1,1
BRDA:80,10,0,0
BRDA:80,10,1,1
BRDA:94,11,0,3
BRDA:94,11,1,0
BRDA:98,12,0,1
BRDA:98,12,1,1
BRDA:106,13,0,1
BRDA:106,13,1,1
BRDA:127,14,0,3
BRDA:127,14,1,0
BRDA:131,15,0,1
BRDA:131,15,1,1
BRDA:140,16,0,0
BRDA:140,16,1,1
BRDA:140,17,0,1
BRDA:140,17,1,0
BRDA:145,18,0,1
BRDA:145,18,1,0
BRDA:188,19,0,1
BRDA:188,19,1,1
BRDA:218,20,0,0
BRDA:218,20,1,1
BRDA:245,21,0,0
BRDA:245,21,1,2
BRDA:254,22,0,1
BRDA:254,22,1,1
BRDA:254,23,0,2
BRDA:254,23,1,1
BRDA:254,24,0,1
BRDA:254,24,1,0
BRDA:278,25,0,1
BRDA:278,25,1,2
BRDA:278,26,0,3
BRDA:278,26,1,2
BRDA:283,27,0,0
BRDA:283,27,1,2
BRDA:287,28,0,1
BRDA:287,28,1,1
BRDA:295,29,0,0
BRDA:295,29,1,1
BRDA:295,30,0,1
BRDA:295,30,1,0
BRDA:295,31,0,0
BRDA:295,31,1,0
BRF:64
BRH:46
end_of_record
TN:
SF:backend\controllers\turmasController.js
FN:3,generateRandomCode
FN:12,(anonymous_1)
FN:30,(anonymous_2)
FNF:3
FNH:3
FNDA:3,generateRandomCode
FNDA:3,(anonymous_1)
FNDA:4,(anonymous_2)
DA:1,1
DA:4,3
DA:5,3
DA:6,3
DA:7,15
DA:9,3
DA:12,1
DA:13,3
DA:14,3
DA:15,1
DA:18,2
DA:23,1
DA:25,1
DA:26,1
DA:30,1
DA:31,4
DA:32,4
DA:33,1
DA:36,3
DA:38,3
DA:39,1
DA:43,2
DA:44,2
DA:45,3
DA:46,3
DA:47,2
DA:50,1
DA:56,1
DA:58,1
DA:59,1
LF:30
LH:30
BRDA:14,0,0,1
BRDA:14,0,1,2
BRDA:32,1,0,1
BRDA:32,1,1,3
BRDA:38,2,0,1
BRDA:38,2,1,2
BRDA:38,3,0,3
BRDA:38,3,1,2
BRDA:47,4,0,1
BRDA:47,4,1,1
BRF:10
BRH:10
end_of_record
TN:
SF:backend\middleware\authMiddleware.js
FN:5,(anonymous_0)
FN:34,(anonymous_1)
FNF:2
FNH:2
FNDA:4,(anonymous_0)
FNDA:2,(anonymous_1)
DA:1,1
DA:2,1
DA:5,1
DA:6,4
DA:7,4
DA:9,4
DA:10,1
DA:13,3
DA:15,3
DA:19,2
DA:21,2
DA:22,1
DA:26,1
DA:27,1
DA:29,1
DA:34,1
DA:35,2
DA:36,1
DA:38,1
LF:19
LH:19
BRDA:7,0,0,4
BRDA:7,0,1,3
BRDA:9,1,0,1
BRDA:9,1,1,3
BRDA:19,2,0,2
BRDA:19,2,1,0
BRDA:21,3,0,1
BRDA:21,3,1,1
BRDA:35,4,0,1
BRDA:35,4,1,1
BRDA:35,5,0,2
BRDA:35,5,1,2
BRF:12
BRH:11
end_of_record
TN:
SF:backend\models\index.js
FNF:0
FNH:0
DA:1,1
DA:3,1
DA:4,1
DA:5,1
DA:6,1
DA:7,1
DA:10,1
DA:15,1
DA:21,1
DA:26,1
DA:32,1
DA:37,1
DA:42,1
DA:47,1
DA:52,1
DA:57,1
DA:63,1
DA:68,1
DA:73,1
DA:78,1
DA:84,1
LF:21
LH:21
BRF:0
BRH:0
end_of_record
TN:
SF:backend\routes\authRoutes.js
FNF:0
FNH:0
DA:1,1
DA:2,1
DA:4,1
DA:9,1
DA:11,1
DA:12,1
DA:14,1
DA:21,1
DA:28,1
DA:35,1
LF:10
LH:10
BRF:0
BRH:0
end_of_record
TN:
SF:backend\routes\demandasRoutes.js
FNF:0
FNH:0
DA:1,1
DA:2,1
DA:4,1
DA:10,1
DA:17,1
DA:20,1
DA:23,1
DA:26,1
DA:29,1
DA:31,1
DA:33,1
DA:35,1
DA:36,1
DA:38,1
LF:14
LH:14
BRF:0
BRH:0
end_of_record
TN:
SF:backend\routes\turmasRoutes.js
FNF:0
FNH:0
DA:1,1
DA:2,1
DA:3,1
DA:4,1
DA:6,1
DA:8,1
DA:9,1
DA:11,1
LF:8
LH:8
BRF:0
BRH:0
end_of_record
